<students>
  <student id="1">anna</student>
</students>