<students>
  <student id="0">anna</student>
  <student id="1">gogo</student>
</students>